<?xml version="1.0" encoding="UTF-8"?>
<!-- Generated by org.testng.reporters.JUnitReportReporter -->
<testsuite hostname="DESKTOP-BA9MHPO" failures="0" tests="1" name="TestNG.NewTest" time="1.070" errors="0" timestamp="2023-03-27T13:40:37 PDT" skipped="0">
  <testcase classname="TestNG.NewTest" name="f" time="1.070"/>
  <system-out/>
</testsuite> <!-- TestNG.NewTest -->
